<?xml version="1.0" encoding="UTF-8"?>
<!-- Generated by org.testng.reporters.JUnitReportReporter -->
<testsuite skipped="0" hostname="ip-172-31-32-197" name="com.ecom.werbapp.test.TestNgGroupTest" tests="5" failures="0" timestamp="2021-04-08T15:38:21 UTC" time="10.830" errors="0">
  <testcase name="lauchChromeTest" time="3.537" classname="com.ecom.werbapp.test.TestNgGroupTest"/>
  <system-out/>
  <testcase name="lauchFireFoxTest" time="5.272" classname="com.ecom.werbapp.test.TestNgGroupTest"/>
  <system-out/>
  <testcase name="testAmazonHomePageTitle" time="0.019" classname="com.ecom.werbapp.test.TestNgGroupTest"/>
  <system-out/>
  <testcase name="testToVerifyLogin" time="1.875" classname="com.ecom.werbapp.test.TestNgGroupTest"/>
  <system-out/>
  <testcase name="testAmazonHomePageSourceURL" time="0.127" classname="com.ecom.werbapp.test.TestNgGroupTest"/>
  <system-out/>
</testsuite> <!-- com.ecom.werbapp.test.TestNgGroupTest -->
