<?xml version="1.0" encoding="UTF-8"?>
<!-- Generated by org.testng.reporters.JUnitReportReporter -->
<testsuite skipped="0" hostname="ip-172-31-32-197" name="com.ecom.werbapp.test.AmazonNavigationTest" tests="2" failures="0" timestamp="2021-04-08T16:43:26 UTC" time="16.162" errors="0">
  <testcase name="testTodaysDealNavigationLink" time="8.162" classname="com.ecom.werbapp.test.AmazonNavigationTest"/>
  <system-out/>
  <testcase name="testMobileNavigationLink" time="8.000" classname="com.ecom.werbapp.test.AmazonNavigationTest"/>
  <system-out/>
</testsuite> <!-- com.ecom.werbapp.test.AmazonNavigationTest -->
