<?xml version="1.0" encoding="UTF-8"?>
<!-- Generated by org.testng.reporters.JUnitReportReporter -->
<testsuite skipped="0" hostname="ip-172-31-32-197" name="com.ecom.werbapp.test.AssertionTest" tests="2" failures="0" timestamp="2021-04-08T16:43:26 UTC" time="0.013" errors="0">
  <testcase name="softAssert" time="0.012" classname="com.ecom.werbapp.test.AssertionTest"/>
  <system-out/>
  <testcase name="hardAssert" time="0.001" classname="com.ecom.werbapp.test.AssertionTest"/>
  <system-out/>
</testsuite> <!-- com.ecom.werbapp.test.AssertionTest -->
