<?xml version="1.0" encoding="UTF-8"?>
<!-- Generated by org.testng.reporters.JUnitReportReporter -->
<testsuite skipped="0" hostname="ip-172-31-32-197" name="com.ecom.werbapp.test.AmazonNavigationTest" tests="2" failures="0" timestamp="2021-04-08T15:00:00 UTC" time="14.417" errors="0">
  <testcase name="testMobileNavigationLink" time="6.851" classname="com.ecom.werbapp.test.AmazonNavigationTest"/>
  <system-out/>
  <testcase name="testTodaysDealNavigationLink" time="7.566" classname="com.ecom.werbapp.test.AmazonNavigationTest"/>
  <system-out/>
</testsuite> <!-- com.ecom.werbapp.test.AmazonNavigationTest -->
