<?xml version="1.0" encoding="UTF-8"?>
<!-- Generated by org.testng.reporters.JUnitReportReporter -->
<testsuite skipped="0" hostname="ip-172-31-32-197" name="com.ecom.werbapp.test.SoftAssertWithFacebookLogin" tests="3" failures="0" timestamp="2021-04-08T16:43:26 UTC" time="4.605" errors="0">
  <testcase name="lauchFireFoxTest" time="3.135" classname="com.ecom.werbapp.test.SoftAssertWithFacebookLogin"/>
  <system-out/>
  <testcase name="testToVerifyLogin" time="0.796" classname="com.ecom.werbapp.test.SoftAssertWithFacebookLogin"/>
  <system-out/>
  <testcase name="testLoginFailureOutput" time="0.674" classname="com.ecom.werbapp.test.SoftAssertWithFacebookLogin"/>
  <system-out/>
</testsuite> <!-- com.ecom.werbapp.test.SoftAssertWithFacebookLogin -->
