<?xml version="1.0" encoding="UTF-8"?>
<!-- Generated by org.testng.reporters.JUnitReportReporter -->
<testsuite skipped="0" hostname="ip-172-31-32-197" name="com.ecom.werbapp.test.AmazonHomePageTest" tests="2" failures="0" timestamp="2021-04-08T15:00:00 UTC" time="9.980" errors="0">
  <testcase name="testAmazonHomePageTitle" time="5.238" classname="com.ecom.werbapp.test.AmazonHomePageTest"/>
  <system-out/>
  <testcase name="testAmazonHomePageSourceURL" time="4.742" classname="com.ecom.werbapp.test.AmazonHomePageTest"/>
  <system-out/>
</testsuite> <!-- com.ecom.werbapp.test.AmazonHomePageTest -->
