<?xml version="1.0" encoding="UTF-8"?>
<!-- Generated by org.testng.reporters.JUnitReportReporter -->
<testsuite skipped="0" hostname="ip-172-31-32-197" name="com.ecom.werbapp.test.AmazonHomePageTest" tests="2" failures="0" timestamp="2021-04-08T16:43:26 UTC" time="11.724" errors="0">
  <testcase name="testAmazonHomePageSourceURL" time="5.804" classname="com.ecom.werbapp.test.AmazonHomePageTest"/>
  <system-out/>
  <testcase name="testAmazonHomePageTitle" time="5.920" classname="com.ecom.werbapp.test.AmazonHomePageTest"/>
  <system-out/>
</testsuite> <!-- com.ecom.werbapp.test.AmazonHomePageTest -->
